Release 12.4 Map M.81d (nt)
Xilinx Mapping Report File for Design 'game_top'

Design Information
------------------
Command Line   : map -intstyle ise -p xc3s200-ft256-4 -cm area -ir off -pr off
-c 100 -o game_top_map.ncd game_top.ngd game_top.pcf 
Target Device  : xc3s200
Target Package : ft256
Target Speed   : -4
Mapper Version : spartan3 -- $Revision: 1.52.76.2 $
Mapped Date    : Mon Dec 29 21:37:53 2014

Design Summary
--------------
Number of errors:      0
Number of warnings:    6
Logic Utilization:
  Total Number Slice Registers:         178 out of   3,840    4%
    Number used as Flip Flops:          177
    Number used as Latches:               1
  Number of 4 input LUTs:               657 out of   3,840   17%
Logic Distribution:
  Number of occupied Slices:            370 out of   1,920   19%
    Number of Slices containing only related logic:     370 out of     370 100%
    Number of Slices containing unrelated logic:          0 out of     370   0%
      *See NOTES below for an explanation of the effects of unrelated logic.
  Total Number of 4 input LUTs:         680 out of   3,840   17%
    Number used as logic:               617
    Number used as a route-thru:         23
    Number used for Dual Port RAMs:      40
      (Two LUTs used per Dual Port RAM)

  The Slice Logic Distribution report is not meaningful if the design is
  over-mapped for a non-slice resource or if Placement fails.

  Number of bonded IOBs:                 40 out of     173   23%
  Number of RAMB16s:                      2 out of      12   16%
  Number of BUFGMUXs:                     2 out of       8   25%

Average Fanout of Non-Clock Nets:                4.38

Peak Memory Usage:  176 MB
Total REAL time to MAP completion:  2 secs 
Total CPU time to MAP completion:   1 secs 

NOTES:

   Related logic is defined as being logic that shares connectivity - e.g. two
   LUTs are "related" if they share common inputs.  When assembling slices,
   Map gives priority to combine logic that is related.  Doing so results in
   the best timing performance.

   Unrelated logic shares no connectivity.  Map will only begin packing
   unrelated logic into a slice once 99% of the slices are occupied through
   related logic packing.

   Note that once logic distribution reaches the 99% level through related
   logic packing, this does not mean the device is completely utilized.
   Unrelated logic packing will then begin, continuing until all usable LUTs
   and FFs are occupied.  Depending on your timing budget, increased levels of
   unrelated logic packing may adversely affect the overall timing performance
   of your design.

Table of Contents
-----------------
Section 1 - Errors
Section 2 - Warnings
Section 3 - Informational
Section 4 - Removed Logic Summary
Section 5 - Removed Logic
Section 6 - IOB Properties
Section 7 - RPMs
Section 8 - Guide Report
Section 9 - Area Group and Partition Summary
Section 10 - Timing Report
Section 11 - Configuration String Information
Section 12 - Control Set Information
Section 13 - Utilization by Hierarchy

Section 1 - Errors
------------------

Section 2 - Warnings
--------------------
WARNING:Pack:266 - The function generator oAddr_tile2<4>_mmx_out51_inv1 failed
   to merge with F5 multiplexer mTile_Table2/Mrom_q321_12_f5.  There is a
   conflict for the GYMUX.  The design will exhibit suboptimal timing.
WARNING:Pack:266 - The function generator mTile_Table2/Mrom_q321_154 failed to
   merge with F5 multiplexer mTile_Table2/Mrom_q641_11_f5.  There is a conflict
   for the GYMUX.  The design will exhibit suboptimal timing.
WARNING:Pack:266 - The function generator mTile_Table2/Mrom_q321_17 failed to
   merge with F5 multiplexer mTile_Table2/Mrom_q641_18_f5.  There is a conflict
   for the FXMUX.  The design will exhibit suboptimal timing.
WARNING:Pack:266 - The function generator oAddr_tile2<6>221 failed to merge with
   F5 multiplexer mTile_Table2/Mrom_q1131_12_f5_3.  There is a conflict for the
   GYMUX.  The design will exhibit suboptimal timing.
WARNING:PhysDesignRules:372 - Gated clock. Clock net mBKG_ROM2/q_or0000 is
   sourced by a combinatorial pin. This is not good design practice. Use the CE
   pin to control the loading of data into the flip-flop.
WARNING:PhysDesignRules:367 - The signal <iSW<1>_IBUF> is incomplete. The signal
   does not drive any load pins in the design.

Section 3 - Informational
-------------------------
INFO:LIT:243 - Logical network iSW<16> has no load.
INFO:LIT:395 - The above info message is repeated 36 more times for the
   following (max. 5 shown):
   iSW<15>,
   iSW<14>,
   iSW<13>,
   iSW<12>,
   iSW<11>
   To see the details of these info messages, please use the -detail switch.
INFO:MapLib:562 - No environment variables are currently set.
INFO:LIT:244 - All of the single ended outputs in this design are using slew
   rate limited output drivers. The delay on speed critical single ended outputs
   can be dramatically reduced by designating them as fast outputs.

Section 4 - Removed Logic Summary
---------------------------------
   2 block(s) optimized away

Section 5 - Removed Logic
-------------------------

Optimized Block(s):
TYPE 		BLOCK
GND 		XST_GND
VCC 		XST_VCC

To enable printing of redundant blocks removed and signals merged, set the
detailed map report option and rerun map.

Section 6 - IOB Properties
--------------------------

+---------------------------------------------------------------------------------------------------------------------------------------------------------+
| IOB Name                           | Type             | Direction | IO Standard          | Diff  | Drive    | Slew | Reg (s)      | Resistor | IOB      |
|                                    |                  |           |                      | Term  | Strength | Rate |              |          | Delay    |
+---------------------------------------------------------------------------------------------------------------------------------------------------------+
| PS2_CLK                            | IOB              | INPUT     | LVCMOS25             |       |          |      |              |          |          |
| PS2_DAT                            | IOB              | INPUT     | LVCMOS25             |       |          |      |              |          |          |
| iCLK_50                            | IOB              | INPUT     | LVCMOS25             |       |          |      |              |          |          |
| iSW<1>                             | IOB              | INPUT     | LVCMOS25             |       |          |      |              |          |          |
| iSW<17>                            | IOB              | INPUT     | LVCMOS25             |       |          |      |              |          |          |
| oVGA_B<0>                          | IOB              | OUTPUT    | LVCMOS25             |       | 12       | SLOW |              |          |          |
| oVGA_B<1>                          | IOB              | OUTPUT    | LVCMOS25             |       | 12       | SLOW |              |          |          |
| oVGA_B<2>                          | IOB              | OUTPUT    | LVCMOS25             |       | 12       | SLOW |              |          |          |
| oVGA_B<3>                          | IOB              | OUTPUT    | LVCMOS25             |       | 12       | SLOW |              |          |          |
| oVGA_B<4>                          | IOB              | OUTPUT    | LVCMOS25             |       | 12       | SLOW |              |          |          |
| oVGA_B<5>                          | IOB              | OUTPUT    | LVCMOS25             |       | 12       | SLOW |              |          |          |
| oVGA_B<6>                          | IOB              | OUTPUT    | LVCMOS25             |       | 12       | SLOW |              |          |          |
| oVGA_B<7>                          | IOB              | OUTPUT    | LVCMOS25             |       | 12       | SLOW |              |          |          |
| oVGA_B<8>                          | IOB              | OUTPUT    | LVCMOS25             |       | 12       | SLOW |              |          |          |
| oVGA_B<9>                          | IOB              | OUTPUT    | LVCMOS25             |       | 12       | SLOW |              |          |          |
| oVGA_BLANK_N                       | IOB              | OUTPUT    | LVCMOS25             |       | 12       | SLOW |              |          |          |
| oVGA_CLOCK                         | IOB              | OUTPUT    | LVCMOS25             |       | 12       | SLOW |              |          |          |
| oVGA_G<0>                          | IOB              | OUTPUT    | LVCMOS25             |       | 12       | SLOW |              |          |          |
| oVGA_G<1>                          | IOB              | OUTPUT    | LVCMOS25             |       | 12       | SLOW |              |          |          |
| oVGA_G<2>                          | IOB              | OUTPUT    | LVCMOS25             |       | 12       | SLOW |              |          |          |
| oVGA_G<3>                          | IOB              | OUTPUT    | LVCMOS25             |       | 12       | SLOW |              |          |          |
| oVGA_G<4>                          | IOB              | OUTPUT    | LVCMOS25             |       | 12       | SLOW |              |          |          |
| oVGA_G<5>                          | IOB              | OUTPUT    | LVCMOS25             |       | 12       | SLOW |              |          |          |
| oVGA_G<6>                          | IOB              | OUTPUT    | LVCMOS25             |       | 12       | SLOW |              |          |          |
| oVGA_G<7>                          | IOB              | OUTPUT    | LVCMOS25             |       | 12       | SLOW |              |          |          |
| oVGA_G<8>                          | IOB              | OUTPUT    | LVCMOS25             |       | 12       | SLOW |              |          |          |
| oVGA_G<9>                          | IOB              | OUTPUT    | LVCMOS25             |       | 12       | SLOW |              |          |          |
| oVGA_HS                            | IOB              | OUTPUT    | LVCMOS25             |       | 12       | SLOW |              |          |          |
| oVGA_R<0>                          | IOB              | OUTPUT    | LVCMOS25             |       | 12       | SLOW |              |          |          |
| oVGA_R<1>                          | IOB              | OUTPUT    | LVCMOS25             |       | 12       | SLOW |              |          |          |
| oVGA_R<2>                          | IOB              | OUTPUT    | LVCMOS25             |       | 12       | SLOW |              |          |          |
| oVGA_R<3>                          | IOB              | OUTPUT    | LVCMOS25             |       | 12       | SLOW |              |          |          |
| oVGA_R<4>                          | IOB              | OUTPUT    | LVCMOS25             |       | 12       | SLOW |              |          |          |
| oVGA_R<5>                          | IOB              | OUTPUT    | LVCMOS25             |       | 12       | SLOW |              |          |          |
| oVGA_R<6>                          | IOB              | OUTPUT    | LVCMOS25             |       | 12       | SLOW |              |          |          |
| oVGA_R<7>                          | IOB              | OUTPUT    | LVCMOS25             |       | 12       | SLOW |              |          |          |
| oVGA_R<8>                          | IOB              | OUTPUT    | LVCMOS25             |       | 12       | SLOW |              |          |          |
| oVGA_R<9>                          | IOB              | OUTPUT    | LVCMOS25             |       | 12       | SLOW |              |          |          |
| oVGA_SYNC_N                        | IOB              | OUTPUT    | LVCMOS25             |       | 12       | SLOW |              |          |          |
| oVGA_VS                            | IOB              | OUTPUT    | LVCMOS25             |       | 12       | SLOW |              |          |          |
+---------------------------------------------------------------------------------------------------------------------------------------------------------+

Section 7 - RPMs
----------------

Section 8 - Guide Report
------------------------
Guide not run on this design.

Section 9 - Area Group and Partition Summary
--------------------------------------------

Partition Implementation Status
-------------------------------

  No Partitions were found in this design.

-------------------------------

Area Group Information
----------------------

  No area groups were found in this design.

----------------------

Section 10 - Timing Report
--------------------------
This design was not run using timing mode.

Section 11 - Configuration String Details
-----------------------------------------
Use the "-detail" map option to print out Configuration Strings

Section 12 - Control Set Information
------------------------------------
No control set information for this architecture.

Section 13 - Utilization by Hierarchy
-------------------------------------
Use the "-detail" map option to print out the Utilization by Hierarchy section.
